Build started 7/27/2014 9:46:50 PM.
     1>Project "c:\Users\Michiel\documents\visual studio 2013\Projects\HubApp1\HubApp1\HubApp1.Windows\HubApp1.Windows.vcxproj" on node 2 (Build target(s)).
     1>ClCompile:
         C:\Program Files (x86)\Microsoft Visual Studio 12.0\VC\bin\CL.exe /c /I"c:\Users\Michiel\documents\visual studio 2013\Projects\HubApp1\HubApp1\HubApp1.Windows\\" /I"Generated Files\\" /IDebug\ /I"c:\Users\Michiel\documents\visual studio 2013\Projects\HubApp1\HubApp1\HubApp1.Shared\\" /ZI /ZW /ZW:nostdlib /nologo /W3 /WX- /sdl /Od /Oy- /D _UNICODE /D UNICODE /D _DEBUG /D WINAPI_FAMILY=WINAPI_FAMILY_APP /Gm- /EHsc /RTC1 /MDd /GS /fp:precise /Zc:wchar_t /Zc:forScope /Yc"pch.h" /Fp"Debug\HubApp1.Windows.pch" /Fo"Debug\\" /Fd"Debug\vc120.pdb" /Gd /TP /wd4453 /wd28204 /FU"C:\Program Files (x86)\Microsoft SDKs\Windows\v8.1\ExtensionSDKs\Microsoft.VCLibs\12.0\References\CommonConfiguration\neutral\platform.winmd" /FU"C:\Program Files (x86)\Windows Kits\8.1\References\CommonConfiguration\Neutral\Windows.winmd" /FU"C:\Program Files (x86)\Windows Kits\8.1\References\CommonConfiguration\Neutral\Windows.winmd" /analyze- /errorReport:prompt /bigobj "c:\Users\Michiel\documents\visual studio 2013\Projects\HubApp1\HubApp1\HubApp1.Shared\pch.cpp"
         pch.cpp
         C:\Program Files (x86)\Microsoft Visual Studio 12.0\VC\bin\CL.exe /c /I"c:\Users\Michiel\documents\visual studio 2013\Projects\HubApp1\HubApp1\HubApp1.Windows\\" /I"Generated Files\\" /IDebug\ /I"c:\Users\Michiel\documents\visual studio 2013\Projects\HubApp1\HubApp1\HubApp1.Shared\\" /ZI /ZW /ZW:nostdlib /nologo /W3 /WX- /sdl /Od /Oy- /D _UNICODE /D UNICODE /D _DEBUG /D WINAPI_FAMILY=WINAPI_FAMILY_APP /Gm- /EHsc /RTC1 /MDd /GS /fp:precise /Zc:wchar_t /Zc:forScope /Yu"pch.h" /Fp"Debug\HubApp1.Windows.pch" /Fo"Debug\\" /Fd"Debug\vc120.pdb" /Gd /TP /wd4453 /wd28204 /FU"C:\Program Files (x86)\Microsoft SDKs\Windows\v8.1\ExtensionSDKs\Microsoft.VCLibs\12.0\References\CommonConfiguration\neutral\platform.winmd" /FU"C:\Program Files (x86)\Windows Kits\8.1\References\CommonConfiguration\Neutral\Windows.winmd" /FU"C:\Program Files (x86)\Windows Kits\8.1\References\CommonConfiguration\Neutral\Windows.winmd" /analyze- /errorReport:prompt /bigobj "c:\Users\Michiel\documents\visual studio 2013\Projects\HubApp1\HubApp1\HubApp1.Shared\App.xaml.cpp" "c:\Users\Michiel\documents\visual studio 2013\Projects\HubApp1\HubApp1\HubApp1.Shared\DataModel\SampleDataSource.cpp" "c:\Users\Michiel\documents\visual studio 2013\Projects\HubApp1\HubApp1\HubApp1.Shared\Common\NavigationHelper.cpp" "c:\Users\Michiel\documents\visual studio 2013\Projects\HubApp1\HubApp1\HubApp1.Shared\Common\RelayCommand.cpp" "c:\Users\Michiel\documents\visual studio 2013\Projects\HubApp1\HubApp1\HubApp1.Shared\Common\SuspensionManager.cpp" HubPage.xaml.cpp ItemPage.xaml.cpp SectionPage.xaml.cpp "Generated Files\XamlTypeInfo.Impl.g.cpp"
         App.xaml.cpp
         SampleDataSource.cpp
         NavigationHelper.cpp
         RelayCommand.cpp
         SuspensionManager.cpp
         HubPage.xaml.cpp
         ItemPage.xaml.cpp
         SectionPage.xaml.cpp
         XamlTypeInfo.Impl.g.cpp
         Generating Code...
       CreateWinMD:
         C:\Program Files (x86)\Microsoft Visual Studio 12.0\VC\bin\link.exe /ERRORREPORT:PROMPT /OUT:"c:\Users\Michiel\documents\visual studio 2013\Projects\HubApp1\Debug\HubApp1.Windows\HubApp1.Windows.exe" /INCREMENTAL /NOLOGO kernel32.lib /MANIFEST:NO /DEBUG /PDB:"c:\Users\Michiel\documents\visual studio 2013\Projects\HubApp1\Debug\HubApp1.Windows\HubApp1.Windows.pdb" /SUBSYSTEM:WINDOWS /TLBID:1 /APPCONTAINER /WINMD:ONLY /WINMDFILE:"c:\Users\Michiel\documents\visual studio 2013\Projects\HubApp1\Debug\HubApp1.Windows\HubApp1.winmd" /DYNAMICBASE /NXCOMPAT /MACHINE:X86 Debug\App.xaml.obj
         Debug\pch.obj
         Debug\SampleDataSource.obj
         Debug\NavigationHelper.obj
         Debug\RelayCommand.obj
         Debug\SuspensionManager.obj
         Debug\HubPage.xaml.obj
         Debug\ItemPage.xaml.obj
         Debug\SectionPage.xaml.obj
         Debug\XamlTypeInfo.Impl.g.obj
       CompileXamlGeneratedFiles:
         C:\Program Files (x86)\Microsoft Visual Studio 12.0\VC\bin\CL.exe /c /I"c:\Users\Michiel\documents\visual studio 2013\Projects\HubApp1\HubApp1\HubApp1.Windows\\" /I"Generated Files\\" /IDebug\ /I"c:\Users\Michiel\documents\visual studio 2013\Projects\HubApp1\HubApp1\HubApp1.Shared\\" /ZI /ZW /ZW:nostdlib /nologo /W3 /WX- /sdl /Od /Oy- /D _UNICODE /D UNICODE /D _DEBUG /D WINAPI_FAMILY=WINAPI_FAMILY_APP /Gm- /EHsc /RTC1 /MDd /GS /fp:precise /Zc:wchar_t /Zc:forScope /Yu"pch.h" /Fp"Debug\HubApp1.Windows.pch" /Fo"Debug\\" /Fd"Debug\vc120.pdb" /Gd /TP /wd4453 /wd28204 /FU"C:\Program Files (x86)\Microsoft SDKs\Windows\v8.1\ExtensionSDKs\Microsoft.VCLibs\12.0\References\CommonConfiguration\neutral\platform.winmd" /FU"C:\Program Files (x86)\Windows Kits\8.1\References\CommonConfiguration\Neutral\Windows.winmd" /FU"C:\Program Files (x86)\Windows Kits\8.1\References\CommonConfiguration\Neutral\Windows.winmd" /analyze- /errorReport:prompt /bigobj "Generated Files\XamlTypeInfo.g.cpp"
         XamlTypeInfo.g.cpp
       Link:
         C:\Program Files (x86)\Microsoft Visual Studio 12.0\VC\bin\link.exe /ERRORREPORT:PROMPT /OUT:"c:\Users\Michiel\documents\visual studio 2013\Projects\HubApp1\Debug\HubApp1.Windows\HubApp1.Windows.exe" /INCREMENTAL /NOLOGO kernel32.lib /MANIFEST:NO /DEBUG /PDB:"c:\Users\Michiel\documents\visual studio 2013\Projects\HubApp1\Debug\HubApp1.Windows\HubApp1.Windows.pdb" /SUBSYSTEM:WINDOWS /TLBID:1 /APPCONTAINER /WINMD:NO /WINMDFILE:"c:\Users\Michiel\documents\visual studio 2013\Projects\HubApp1\Debug\HubApp1.Windows\HubApp1.winmd" /DYNAMICBASE /NXCOMPAT /MACHINE:X86 Debug\App.xaml.obj
         Debug\pch.obj
         Debug\SampleDataSource.obj
         Debug\NavigationHelper.obj
         Debug\RelayCommand.obj
         Debug\SuspensionManager.obj
         Debug\HubPage.xaml.obj
         Debug\ItemPage.xaml.obj
         Debug\SectionPage.xaml.obj
         Debug\XamlTypeInfo.Impl.g.obj
         Debug\XamlTypeInfo.g.obj
            Creating library c:\Users\Michiel\documents\visual studio 2013\Projects\HubApp1\Debug\HubApp1.Windows\HubApp1.Windows.lib and object c:\Users\Michiel\documents\visual studio 2013\Projects\HubApp1\Debug\HubApp1.Windows\HubApp1.Windows.exp
         HubApp1.Windows.vcxproj -> c:\Users\Michiel\documents\visual studio 2013\Projects\HubApp1\Debug\HubApp1.Windows\HubApp1.Windows.exe
       _GenerateProjectPriFileCore:
         C:\Program Files (x86)\Windows Kits\8.1\bin\x64\MakePri.exe New -ProjectRoot "c:\Users\Michiel\documents\visual studio 2013\Projects\HubApp1\HubApp1\HubApp1.Windows\\" -ConfigXml Debug\priconfig.xml -OutputFile "c:\Users\Michiel\documents\visual studio 2013\Projects\HubApp1\Debug\HubApp1.Windows\resources.pri" -IndexName c118a04f-8ce7-41c2-91f7-904ee15dd510 -Verbose -Overwrite  
     1>Done Building Project "c:\Users\Michiel\documents\visual studio 2013\Projects\HubApp1\HubApp1\HubApp1.Windows\HubApp1.Windows.vcxproj" (Build target(s)).

Build succeeded.

Time Elapsed 00:00:22.98
